<?xml version="1.0" encoding="UTF-8"?>
<robot generator="Robot 7.3.2 (Python 3.12.3 on linux)" generated="2025-11-14T20:55:09.842720" rpa="false" schemaversion="5">
<suite id="s1" name="Tests" source="/home/vmiikka/repos/webcounter/src/tests">
<suite id="s1-s1" name="Increment" source="/home/vmiikka/repos/webcounter/src/tests/increment.robot">
<kw name="Open And Configure Browser" owner="resource" type="SETUP">
<kw name="Set Selenium Speed" owner="SeleniumLibrary">
<arg>${DELAY}</arg>
<doc>Sets the delay that is waited after each Selenium command.</doc>
<status status="PASS" start="2025-11-14T20:55:09.991670" elapsed="0.000343"/>
</kw>
<kw name="Open Browser" owner="SeleniumLibrary">
<msg time="2025-11-14T20:55:09.992487" level="INFO">Opening browser 'firefox' to base url 'None'.</msg>
<arg>browser=${BROWSER}</arg>
<doc>Opens a new browser instance to the optional ``url``.</doc>
<status status="PASS" start="2025-11-14T20:55:09.992230" elapsed="2.645262"/>
</kw>
<status status="PASS" start="2025-11-14T20:55:09.990963" elapsed="2.646838"/>
</kw>
<test id="s1-s1-t1" name="At start the counter is zero" line="7">
<kw name="Go To" owner="SeleniumLibrary">
<msg time="2025-11-14T20:55:12.639281" level="INFO">Opening url 'http://localhost:5001'</msg>
<arg>${HOME_URL}</arg>
<doc>Navigates the current browser window to the provided ``url``.</doc>
<status status="PASS" start="2025-11-14T20:55:12.638852" elapsed="0.592412"/>
</kw>
<kw name="Title Should Be" owner="SeleniumLibrary">
<msg time="2025-11-14T20:55:13.760079" level="INFO">Page title is 'Laskuri'.</msg>
<arg>Laskuri</arg>
<doc>Verifies that the current page title equals ``title``.</doc>
<status status="PASS" start="2025-11-14T20:55:13.231861" elapsed="0.528419"/>
</kw>
<kw name="Page Should Contain" owner="SeleniumLibrary">
<msg time="2025-11-14T20:55:14.793878" level="INFO">Current page contains text 'nappia painettu 0 kertaa'.</msg>
<arg>nappia painettu 0 kertaa</arg>
<doc>Verifies that current page contains ``text``.</doc>
<status status="PASS" start="2025-11-14T20:55:13.760688" elapsed="1.033574"/>
</kw>
<status status="PASS" start="2025-11-14T20:55:12.637979" elapsed="2.157391"/>
</test>
<test id="s1-s1-t2" name="When button pressed twice the counter is two" line="12">
<kw name="Go To" owner="SeleniumLibrary">
<msg time="2025-11-14T20:55:14.797804" level="INFO">Opening url 'http://localhost:5001'</msg>
<arg>${HOME_URL}</arg>
<doc>Navigates the current browser window to the provided ``url``.</doc>
<status status="PASS" start="2025-11-14T20:55:14.797211" elapsed="0.540524"/>
</kw>
<kw name="Click Button" owner="SeleniumLibrary">
<msg time="2025-11-14T20:55:15.341007" level="INFO">Clicking button 'Paina'.</msg>
<arg>Paina</arg>
<doc>Clicks the button identified by ``locator``.</doc>
<status status="PASS" start="2025-11-14T20:55:15.338699" elapsed="2.098319"/>
</kw>
<kw name="Click Button" owner="SeleniumLibrary">
<msg time="2025-11-14T20:55:17.438556" level="INFO">Clicking button 'Paina'.</msg>
<arg>Paina</arg>
<doc>Clicks the button identified by ``locator``.</doc>
<status status="PASS" start="2025-11-14T20:55:17.437863" elapsed="2.088115"/>
</kw>
<kw name="Page Should Contain" owner="SeleniumLibrary">
<msg time="2025-11-14T20:55:20.542907" level="INFO">Current page contains text 'nappia painettu 2 kertaa'.</msg>
<arg>nappia painettu 2 kertaa</arg>
<doc>Verifies that current page contains ``text``.</doc>
<status status="PASS" start="2025-11-14T20:55:19.526929" elapsed="1.016352"/>
</kw>
<status status="PASS" start="2025-11-14T20:55:14.796347" elapsed="5.747705"/>
</test>
<kw name="Close Browser" owner="SeleniumLibrary" type="TEARDOWN">
<doc>Closes the current browser.</doc>
<status status="PASS" start="2025-11-14T20:55:20.545643" elapsed="3.500958"/>
</kw>
<status status="PASS" start="2025-11-14T20:55:09.867901" elapsed="14.178818"/>
</suite>
<suite id="s1-s2" name="Reset" source="/home/vmiikka/repos/webcounter/src/tests/reset.robot">
<kw name="Open And Configure Browser" owner="resource" type="SETUP">
<kw name="Set Selenium Speed" owner="SeleniumLibrary">
<arg>${DELAY}</arg>
<doc>Sets the delay that is waited after each Selenium command.</doc>
<status status="PASS" start="2025-11-14T20:55:24.050743" elapsed="0.000351"/>
</kw>
<kw name="Open Browser" owner="SeleniumLibrary">
<msg time="2025-11-14T20:55:24.051559" level="INFO">Opening browser 'firefox' to base url 'None'.</msg>
<arg>browser=${BROWSER}</arg>
<doc>Opens a new browser instance to the optional ``url``.</doc>
<status status="PASS" start="2025-11-14T20:55:24.051289" elapsed="2.772759"/>
</kw>
<status status="PASS" start="2025-11-14T20:55:24.050419" elapsed="2.773872"/>
</kw>
<test id="s1-s2-t1" name="When counter has a nonzero value and it is reset the value becomes zero" line="7">
<kw name="Go To" owner="SeleniumLibrary">
<msg time="2025-11-14T20:55:26.825567" level="INFO">Opening url 'http://localhost:5001'</msg>
<arg>${HOME_URL}</arg>
<doc>Navigates the current browser window to the provided ``url``.</doc>
<status status="PASS" start="2025-11-14T20:55:26.825250" elapsed="0.588675"/>
</kw>
<kw name="Click Button" owner="SeleniumLibrary">
<msg time="2025-11-14T20:55:27.414921" level="INFO">Clicking button 'Nollaa'.</msg>
<arg>Nollaa</arg>
<doc>Clicks the button identified by ``locator``.</doc>
<status status="PASS" start="2025-11-14T20:55:27.414442" elapsed="2.134592"/>
</kw>
<kw name="Page Should Contain" owner="SeleniumLibrary">
<msg time="2025-11-14T20:55:30.566769" level="INFO">Current page contains text 'nappia painettu 0 kertaa'.</msg>
<arg>nappia painettu 0 kertaa</arg>
<doc>Verifies that current page contains ``text``.</doc>
<status status="PASS" start="2025-11-14T20:55:29.549682" elapsed="1.017696"/>
</kw>
<kw name="Click Button" owner="SeleniumLibrary">
<msg time="2025-11-14T20:55:30.568669" level="INFO">Clicking button 'Paina'.</msg>
<arg>Paina</arg>
<doc>Clicks the button identified by ``locator``.</doc>
<status status="PASS" start="2025-11-14T20:55:30.568089" elapsed="2.082839"/>
</kw>
<kw name="Click Button" owner="SeleniumLibrary">
<msg time="2025-11-14T20:55:32.652240" level="INFO">Clicking button 'Paina'.</msg>
<arg>Paina</arg>
<doc>Clicks the button identified by ``locator``.</doc>
<status status="PASS" start="2025-11-14T20:55:32.651621" elapsed="2.080369"/>
</kw>
<kw name="Page Should Contain" owner="SeleniumLibrary">
<msg time="2025-11-14T20:55:35.749124" level="INFO">Current page contains text 'nappia painettu 2 kertaa'.</msg>
<arg>nappia painettu 2 kertaa</arg>
<doc>Verifies that current page contains ``text``.</doc>
<status status="PASS" start="2025-11-14T20:55:34.732728" elapsed="1.016770"/>
</kw>
<kw name="Click Button" owner="SeleniumLibrary">
<msg time="2025-11-14T20:55:35.750982" level="INFO">Clicking button 'Nollaa'.</msg>
<arg>Nollaa</arg>
<doc>Clicks the button identified by ``locator``.</doc>
<status status="PASS" start="2025-11-14T20:55:35.750274" elapsed="2.083071"/>
</kw>
<kw name="Page Should Contain" owner="SeleniumLibrary">
<msg time="2025-11-14T20:55:38.852437" level="INFO">Current page contains text 'nappia painettu 0 kertaa'.</msg>
<arg>nappia painettu 0 kertaa</arg>
<doc>Verifies that current page contains ``text``.</doc>
<status status="PASS" start="2025-11-14T20:55:37.834225" elapsed="1.019241"/>
</kw>
<status status="PASS" start="2025-11-14T20:55:26.824455" elapsed="12.029968"/>
</test>
<kw name="Close Browser" owner="SeleniumLibrary" type="TEARDOWN">
<doc>Closes the current browser.</doc>
<status status="PASS" start="2025-11-14T20:55:38.855799" elapsed="3.387317"/>
</kw>
<status status="PASS" start="2025-11-14T20:55:24.047377" elapsed="18.195976"/>
</suite>
<status status="PASS" start="2025-11-14T20:55:09.843985" elapsed="32.401017"/>
</suite>
<statistics>
<total>
<stat pass="3" fail="0" skip="0">All Tests</stat>
</total>
<tag>
</tag>
<suite>
<stat name="Tests" id="s1" pass="3" fail="0" skip="0">Tests</stat>
<stat name="Increment" id="s1-s1" pass="2" fail="0" skip="0">Tests.Increment</stat>
<stat name="Reset" id="s1-s2" pass="1" fail="0" skip="0">Tests.Reset</stat>
</suite>
</statistics>
<errors>
</errors>
</robot>
